# JRE version: OpenJDK Runtime Environment (8.0_242) (build 1.8.0_242-release-1644-b3-6915495)
# Java VM: OpenJDK 64-Bit Server VM (25.242-b3-6915495 mixed mode bsd-amd64 compressed oops)
Heap:
 PSYoungGen      total 285184K, used 211013K [0x00000007a0000000, 0x00000007ba180000, 0x00000007c0000000)
  eden space 185344K, 72% used [0x00000007a0000000,0x00000007a8293f50,0x00000007ab500000)
  from space 99840K, 77% used [0x00000007ab500000,0x00000007b007d618,0x00000007b1680000)
  to   space 105984K, 0% used [0x00000007b3a00000,0x00000007b3a00000,0x00000007ba180000)
 ParOldGen       total 238080K, used 151022K [0x0000000760000000, 0x000000076e880000, 0x00000007a0000000)
  object space 238080K, 63% used [0x0000000760000000,0x000000076937ba58,0x000000076e880000)
 Metaspace       used 104576K, capacity 109106K, committed 109144K, reserved 1144832K
  class space    used 13445K, capacity 14428K, committed 14464K, reserved 1048576K
GC Heap History (10 events):
Event: 3551.087 GC heap before
{Heap before GC invocations=35 (full 4):
 PSYoungGen      total 231424K, used 208083K [0x00000007a0000000, 0x00000007b3380000, 0x00000007c0000000)
  eden space 155648K, 100% used [0x00000007a0000000,0x00000007a9800000,0x00000007a9800000)
  from space 75776K, 69% used [0x00000007ae480000,0x00000007b17b4f50,0x00000007b2e80000)
  to   space 78336K, 0% used [0x00000007a9800000,0x00000007a9800000,0x00000007ae480000)
 ParOldGen       total 238080K, used 90071K [0x0000000760000000, 0x000000076e880000, 0x00000007a0000000)
  object space 238080K, 37% used [0x0000000760000000,0x00000007657f5f30,0x000000076e880000)
 Metaspace       used 102970K, capacity 107294K, committed 107480K, reserved 1142784K
  class space    used 13309K, capacity 14254K, committed 14336K, reserved 1048576K
Event: 3551.133 GC heap after
Heap after GC invocations=35 (full 4):
 PSYoungGen      total 233984K, used 49726K [0x00000007a0000000, 0x00000007b4900000, 0x00000007c0000000)
  eden space 155648K, 0% used [0x00000007a0000000,0x00000007a0000000,0x00000007a9800000)
  from space 78336K, 63% used [0x00000007a9800000,0x00000007ac88f940,0x00000007ae480000)
  to   space 79360K, 0% used [0x00000007afb80000,0x00000007afb80000,0x00000007b4900000)
 ParOldGen       total 238080K, used 90079K [0x0000000760000000, 0x000000076e880000, 0x00000007a0000000)
  object space 238080K, 37% used [0x0000000760000000,0x00000007657f7f30,0x000000076e880000)
 Metaspace       used 102970K, capacity 107294K, committed 107480K, reserved 1142784K
  class space    used 13309K, capacity 14254K, committed 14336K, reserved 1048576K
}
Event: 3555.041 GC heap before
{Heap before GC invocations=36 (full 4):
 PSYoungGen      total 233984K, used 204982K [0x00000007a0000000, 0x00000007b4900000, 0x00000007c0000000)
  eden space 155648K, 99% used [0x00000007a0000000,0x00000007a979e218,0x00000007a9800000)
  from space 78336K, 63% used [0x00000007a9800000,0x00000007ac88f940,0x00000007ae480000)
  to   space 79360K, 0% used [0x00000007afb80000,0x00000007afb80000,0x00000007b4900000)
 ParOldGen       total 238080K, used 90079K [0x0000000760000000, 0x000000076e880000, 0x00000007a0000000)
  object space 238080K, 37% used [0x0000000760000000,0x00000007657f7f30,0x000000076e880000)
 Metaspace       used 103576K, capacity 108032K, committed 108376K, reserved 1142784K
  class space    used 13359K, capacity 14349K, committed 14464K, reserved 1048576K
Event: 3555.089 GC heap after
Heap after GC invocations=36 (full 4):
 PSYoungGen      total 255488K, used 48506K [0x00000007a0000000, 0x00000007b4800000, 0x00000007c0000000)
  eden space 177152K, 0% used [0x00000007a0000000,0x00000007a0000000,0x00000007aad00000)
  from space 78336K, 61% used [0x00000007afb80000,0x00000007b2adeab8,0x00000007b4800000)
  to   space 79360K, 0% used [0x00000007aad00000,0x00000007aad00000,0x00000007afa80000)
 ParOldGen       total 238080K, used 90087K [0x0000000760000000, 0x000000076e880000, 0x00000007a0000000)
  object space 238080K, 37% used [0x0000000760000000,0x00000007657f9f30,0x000000076e880000)
 Metaspace       used 103576K, capacity 108032K, committed 108376K, reserved 1142784K
  class space    used 13359K, capacity 14349K, committed 14464K, reserved 1048576K
}
Event: 3558.806 GC heap before
{Heap before GC invocations=37 (full 4):
 PSYoungGen      total 255488K, used 225658K [0x00000007a0000000, 0x00000007b4800000, 0x00000007c0000000)
  eden space 177152K, 100% used [0x00000007a0000000,0x00000007aad00000,0x00000007aad00000)
  from space 78336K, 61% used [0x00000007afb80000,0x00000007b2adeab8,0x00000007b4800000)
  to   space 79360K, 0% used [0x00000007aad00000,0x00000007aad00000,0x00000007afa80000)
 ParOldGen       total 238080K, used 90087K [0x0000000760000000, 0x000000076e880000, 0x00000007a0000000)
  object space 238080K, 37% used [0x0000000760000000,0x00000007657f9f30,0x000000076e880000)
 Metaspace       used 104146K, capacity 108662K, committed 108888K, reserved 1144832K
  class space    used 13397K, capacity 14404K, committed 14464K, reserved 1048576K
Event: 3558.866 GC heap after
Heap after GC invocations=37 (full 4):
 PSYoungGen      total 256512K, used 71263K [0x00000007a0000000, 0x00000007b6c00000, 0x00000007c0000000)
  eden space 177152K, 0% used [0x00000007a0000000,0x00000007a0000000,0x00000007aad00000)
  from space 79360K, 89% used [0x00000007aad00000,0x00000007af297d20,0x00000007afa80000)
  to   space 87552K, 0% used [0x00000007b1680000,0x00000007b1680000,0x00000007b6c00000)
 ParOldGen       total 238080K, used 90095K [0x0000000760000000, 0x000000076e880000, 0x00000007a0000000)
  object space 238080K, 37% used [0x0000000760000000,0x00000007657fbf30,0x000000076e880000)
 Metaspace       used 104146K, capacity 108662K, committed 108888K, reserved 1144832K
  class space    used 13397K, capacity 14404K, committed 14464K, reserved 1048576K
}
Event: 3560.455 GC heap before
{Heap before GC invocations=38 (full 4):
 PSYoungGen      total 256512K, used 243715K [0x00000007a0000000, 0x00000007b6c00000, 0x00000007c0000000)
  eden space 177152K, 97% used [0x00000007a0000000,0x00000007aa869190,0x00000007aad00000)
  from space 79360K, 89% used [0x00000007aad00000,0x00000007af297d20,0x00000007afa80000)
  to   space 87552K, 0% used [0x00000007b1680000,0x00000007b1680000,0x00000007b6c00000)
 ParOldGen       total 238080K, used 98287K [0x0000000760000000, 0x000000076e880000, 0x00000007a0000000)
  object space 238080K, 41% used [0x0000000760000000,0x0000000765ffbf40,0x000000076e880000)
 Metaspace       used 104265K, capacity 108804K, committed 108888K, reserved 1144832K
  class space    used 13409K, capacity 14419K, committed 14464K, reserved 1048576K
Event: 3560.685 GC heap after
Heap after GC invocations=38 (full 4):
 PSYoungGen      total 272896K, used 87316K [0x00000007a0000000, 0x00000007b8e80000, 0x00000007c0000000)
  eden space 185344K, 0% used [0x00000007a0000000,0x00000007a0000000,0x00000007ab500000)
  from space 87552K, 99% used [0x00000007b1680000,0x00000007b6bc5090,0x00000007b6c00000)
  to   space 99840K, 0% used [0x00000007ab500000,0x00000007ab500000,0x00000007b1680000)
 ParOldGen       total 238080K, used 98287K [0x0000000760000000, 0x000000076e880000, 0x00000007a0000000)
  object space 238080K, 41% used [0x0000000760000000,0x0000000765ffbf40,0x000000076e880000)
 Metaspace       used 104265K, capacity 108804K, committed 108888K, reserved 1144832K
  class space    used 13409K, capacity 14419K, committed 14464K, reserved 1048576K
}
Event: 3563.915 GC heap before
{Heap before GC invocations=39 (full 4):
 PSYoungGen      total 272896K, used 272660K [0x00000007a0000000, 0x00000007b8e80000, 0x00000007c0000000)
  eden space 185344K, 100% used [0x00000007a0000000,0x00000007ab500000,0x00000007ab500000)
  from space 87552K, 99% used [0x00000007b1680000,0x00000007b6bc5090,0x00000007b6c00000)
  to   space 99840K, 0% used [0x00000007ab500000,0x00000007ab500000,0x00000007b1680000)
 ParOldGen       total 238080K, used 151014K [0x0000000760000000, 0x000000076e880000, 0x00000007a0000000)
  object space 238080K, 63% used [0x0000000760000000,0x0000000769379a58,0x000000076e880000)
 Metaspace       used 104334K, capacity 108892K, committed 109144K, reserved 1144832K
  class space    used 13411K, capacity 14423K, committed 14464K, reserved 1048576K
Event: 3563.946 GC heap after
Heap after GC invocations=39 (full 4):
 PSYoungGen      total 285184K, used 77301K [0x00000007a0000000, 0x00000007ba180000, 0x00000007c0000000)
  eden space 185344K, 0% used [0x00000007a0000000,0x00000007a0000000,0x00000007ab500000)
  from space 99840K, 77% used [0x00000007ab500000,0x00000007b007d618,0x00000007b1680000)
  to   space 105984K, 0% used [0x00000007b3a00000,0x00000007b3a00000,0x00000007ba180000)
 ParOldGen       total 238080K, used 151022K [0x0000000760000000, 0x000000076e880000, 0x00000007a0000000)
  object space 238080K, 63% used [0x0000000760000000,0x000000076937ba58,0x000000076e880000)
 Metaspace       used 104334K, capacity 108892K, committed 109144K, reserved 1144832K
  class space    used 13411K, capacity 14423K, committed 14464K, reserved 1048576K
}

