# JRE version: OpenJDK Runtime Environment (8.0_242) (build 1.8.0_242-release-1644-b3-6915495)
# Java VM: OpenJDK 64-Bit Server VM (25.242-b3-6915495 mixed mode bsd-amd64 compressed oops)
Heap:
 PSYoungGen      total 376320K, used 16566K [0x00000007a0000000, 0x00000007baa80000, 0x00000007c0000000)
  eden space 315904K, 5% used [0x00000007a0000000,0x00000007a102d848,0x00000007b3480000)
  from space 60416K, 0% used [0x00000007b6f80000,0x00000007b6f80000,0x00000007baa80000)
  to   space 60416K, 0% used [0x00000007b3480000,0x00000007b3480000,0x00000007b6f80000)
 ParOldGen       total 276480K, used 44906K [0x0000000760000000, 0x0000000770e00000, 0x00000007a0000000)
  object space 276480K, 16% used [0x0000000760000000,0x0000000762bda9e8,0x0000000770e00000)
 Metaspace       used 93843K, capacity 98302K, committed 99220K, reserved 1134592K
  class space    used 12439K, capacity 13340K, committed 13500K, reserved 1048576K
GC Heap History (10 events):
Event: 1740.627 GC heap before
{Heap before GC invocations=31 (full 4):
 PSYoungGen      total 310272K, used 276681K [0x00000007a0000000, 0x00000007b7680000, 0x00000007c0000000)
  eden space 254464K, 100% used [0x00000007a0000000,0x00000007af880000,0x00000007af880000)
  from space 55808K, 39% used [0x00000007b4000000,0x00000007b55b25a8,0x00000007b7680000)
  to   space 64512K, 0% used [0x00000007af880000,0x00000007af880000,0x00000007b3780000)
 ParOldGen       total 276480K, used 199748K [0x0000000760000000, 0x0000000770e00000, 0x00000007a0000000)
  object space 276480K, 72% used [0x0000000760000000,0x000000076c311380,0x0000000770e00000)
 Metaspace       used 93450K, capacity 97794K, committed 97812K, reserved 1134592K
  class space    used 12446K, capacity 13358K, committed 13372K, reserved 1048576K
Event: 1740.697 GC heap after
Heap after GC invocations=31 (full 4):
 PSYoungGen      total 318976K, used 4404K [0x00000007a0000000, 0x00000007b9b00000, 0x00000007c0000000)
  eden space 254464K, 0% used [0x00000007a0000000,0x00000007a0000000,0x00000007af880000)
  from space 64512K, 6% used [0x00000007af880000,0x00000007afccd240,0x00000007b3780000)
  to   space 64512K, 0% used [0x00000007b5c00000,0x00000007b5c00000,0x00000007b9b00000)
 ParOldGen       total 276480K, used 205132K [0x0000000760000000, 0x0000000770e00000, 0x00000007a0000000)
  object space 276480K, 74% used [0x0000000760000000,0x000000076c853388,0x0000000770e00000)
 Metaspace       used 93450K, capacity 97794K, committed 97812K, reserved 1134592K
  class space    used 12446K, capacity 13358K, committed 13372K, reserved 1048576K
}
Event: 2344.773 GC heap before
{Heap before GC invocations=32 (full 4):
 PSYoungGen      total 318976K, used 258868K [0x00000007a0000000, 0x00000007b9b00000, 0x00000007c0000000)
  eden space 254464K, 100% used [0x00000007a0000000,0x00000007af880000,0x00000007af880000)
  from space 64512K, 6% used [0x00000007af880000,0x00000007afccd240,0x00000007b3780000)
  to   space 64512K, 0% used [0x00000007b5c00000,0x00000007b5c00000,0x00000007b9b00000)
 ParOldGen       total 276480K, used 205132K [0x0000000760000000, 0x0000000770e00000, 0x00000007a0000000)
  object space 276480K, 74% used [0x0000000760000000,0x000000076c853388,0x0000000770e00000)
 Metaspace       used 93966K, capacity 98612K, committed 98708K, reserved 1134592K
  class space    used 12501K, capacity 13459K, committed 13500K, reserved 1048576K
Event: 2345.166 GC heap after
Heap after GC invocations=32 (full 4):
 PSYoungGen      total 342016K, used 6724K [0x00000007a0000000, 0x00000007b9280000, 0x00000007c0000000)
  eden space 286208K, 0% used [0x00000007a0000000,0x00000007a0000000,0x00000007b1780000)
  from space 55808K, 12% used [0x00000007b5c00000,0x00000007b6291250,0x00000007b9280000)
  to   space 62976K, 0% used [0x00000007b1780000,0x00000007b1780000,0x00000007b5500000)
 ParOldGen       total 276480K, used 205228K [0x0000000760000000, 0x0000000770e00000, 0x00000007a0000000)
  object space 276480K, 74% used [0x0000000760000000,0x000000076c86b388,0x0000000770e00000)
 Metaspace       used 93966K, capacity 98612K, committed 98708K, reserved 1134592K
  class space    used 12501K, capacity 13459K, committed 13500K, reserved 1048576K
}
Event: 3385.338 GC heap before
{Heap before GC invocations=33 (full 4):
 PSYoungGen      total 342016K, used 284963K [0x00000007a0000000, 0x00000007b9280000, 0x00000007c0000000)
  eden space 286208K, 97% used [0x00000007a0000000,0x00000007b0fb7aa8,0x00000007b1780000)
  from space 55808K, 12% used [0x00000007b5c00000,0x00000007b6291250,0x00000007b9280000)
  to   space 62976K, 0% used [0x00000007b1780000,0x00000007b1780000,0x00000007b5500000)
 ParOldGen       total 276480K, used 205228K [0x0000000760000000, 0x0000000770e00000, 0x00000007a0000000)
  object space 276480K, 74% used [0x0000000760000000,0x000000076c86b388,0x0000000770e00000)
 Metaspace       used 94191K, capacity 98872K, committed 98964K, reserved 1134592K
  class space    used 12502K, capacity 13459K, committed 13500K, reserved 1048576K
Event: 3385.512 GC heap after
Heap after GC invocations=33 (full 4):
 PSYoungGen      total 349184K, used 25863K [0x00000007a0000000, 0x00000007baa80000, 0x00000007c0000000)
  eden space 286208K, 0% used [0x00000007a0000000,0x00000007a0000000,0x00000007b1780000)
  from space 62976K, 41% used [0x00000007b1780000,0x00000007b30c1c58,0x00000007b5500000)
  to   space 60416K, 0% used [0x00000007b6f80000,0x00000007b6f80000,0x00000007baa80000)
 ParOldGen       total 276480K, used 205236K [0x0000000760000000, 0x0000000770e00000, 0x00000007a0000000)
  object space 276480K, 74% used [0x0000000760000000,0x000000076c86d388,0x0000000770e00000)
 Metaspace       used 94191K, capacity 98872K, committed 98964K, reserved 1134592K
  class space    used 12502K, capacity 13459K, committed 13500K, reserved 1048576K
}
Event: 3652.571 GC heap before
{Heap before GC invocations=34 (full 4):
 PSYoungGen      total 349184K, used 134039K [0x00000007a0000000, 0x00000007baa80000, 0x00000007c0000000)
  eden space 286208K, 37% used [0x00000007a0000000,0x00000007a69a41b8,0x00000007b1780000)
  from space 62976K, 41% used [0x00000007b1780000,0x00000007b30c1c58,0x00000007b5500000)
  to   space 60416K, 0% used [0x00000007b6f80000,0x00000007b6f80000,0x00000007baa80000)
 ParOldGen       total 276480K, used 205236K [0x0000000760000000, 0x0000000770e00000, 0x00000007a0000000)
  object space 276480K, 74% used [0x0000000760000000,0x000000076c86d388,0x0000000770e00000)
 Metaspace       used 94217K, capacity 98936K, committed 99220K, reserved 1134592K
  class space    used 12502K, capacity 13459K, committed 13500K, reserved 1048576K
Event: 3652.736 GC heap after
Heap after GC invocations=34 (full 4):
 PSYoungGen      total 376320K, used 596K [0x00000007a0000000, 0x00000007baa80000, 0x00000007c0000000)
  eden space 315904K, 0% used [0x00000007a0000000,0x00000007a0000000,0x00000007b3480000)
  from space 60416K, 0% used [0x00000007b6f80000,0x00000007b7015240,0x00000007baa80000)
  to   space 60416K, 0% used [0x00000007b3480000,0x00000007b3480000,0x00000007b6f80000)
 ParOldGen       total 276480K, used 205244K [0x0000000760000000, 0x0000000770e00000, 0x00000007a0000000)
  object space 276480K, 74% used [0x0000000760000000,0x000000076c86f388,0x0000000770e00000)
 Metaspace       used 94217K, capacity 98936K, committed 99220K, reserved 1134592K
  class space    used 12502K, capacity 13459K, committed 13500K, reserved 1048576K
}
Event: 3652.736 GC heap before
{Heap before GC invocations=35 (full 5):
 PSYoungGen      total 376320K, used 596K [0x00000007a0000000, 0x00000007baa80000, 0x00000007c0000000)
  eden space 315904K, 0% used [0x00000007a0000000,0x00000007a0000000,0x00000007b3480000)
  from space 60416K, 0% used [0x00000007b6f80000,0x00000007b7015240,0x00000007baa80000)
  to   space 60416K, 0% used [0x00000007b3480000,0x00000007b3480000,0x00000007b6f80000)
 ParOldGen       total 276480K, used 205244K [0x0000000760000000, 0x0000000770e00000, 0x00000007a0000000)
  object space 276480K, 74% used [0x0000000760000000,0x000000076c86f388,0x0000000770e00000)
 Metaspace       used 94217K, capacity 98936K, committed 99220K, reserved 1134592K
  class space    used 12502K, capacity 13459K, committed 13500K, reserved 1048576K
Event: 3660.122 GC heap after
Heap after GC invocations=35 (full 5):
 PSYoungGen      total 376320K, used 0K [0x00000007a0000000, 0x00000007baa80000, 0x00000007c0000000)
  eden space 315904K, 0% used [0x00000007a0000000,0x00000007a0000000,0x00000007b3480000)
  from space 60416K, 0% used [0x00000007b6f80000,0x00000007b6f80000,0x00000007baa80000)
  to   space 60416K, 0% used [0x00000007b3480000,0x00000007b3480000,0x00000007b6f80000)
 ParOldGen       total 276480K, used 44906K [0x0000000760000000, 0x0000000770e00000, 0x00000007a0000000)
  object space 276480K, 16% used [0x0000000760000000,0x0000000762bda9e8,0x0000000770e00000)
 Metaspace       used 93808K, capacity 98260K, committed 99220K, reserved 1134592K
  class space    used 12435K, capacity 13333K, committed 13500K, reserved 1048576K
}

